<?xml version="1.0" encoding="UTF-8"?>
<!-- Generated by org.testng.reporters.JUnitReportReporter -->
<testsuite skipped="0" hostname="LAPTOP-0TBF8C5H" name="test.DivisionTest" tests="4" failures="0" timestamp="04 Apr 2021 17:38:13 GMT" time="21.638" errors="0">
  <testcase name="verifyLogin" time="1.569" classname="test.DivisionTest"/>
  <testcase name="verifyDivision" time="9.458" classname="test.DivisionTest"/>
  <testcase name="verifyeditDivision" time="6.129" classname="test.DivisionTest"/>
  <testcase name="verifyviewDivision" time="4.482" classname="test.DivisionTest"/>
</testsuite> <!-- test.DivisionTest -->
