<?xml version="1.0" encoding="UTF-8"?>
<!-- Generated by org.testng.reporters.JUnitReportReporter -->
<testsuite skipped="0" hostname="LAPTOP-0TBF8C5H" name="test.CompanyTest" tests="2" failures="0" timestamp="12 Mar 2021 03:47:54 GMT" time="12.487" errors="0">
  <testcase name="verifyLogin" time="4.454" classname="test.CompanyTest"/>
  <testcase name="verifyCompany" time="8.033" classname="test.CompanyTest"/>
</testsuite> <!-- test.CompanyTest -->
