<?xml version="1.0" encoding="UTF-8"?>
<!-- Generated by org.testng.reporters.JUnitReportReporter -->
<testsuite skipped="0" hostname="LAPTOP-0TBF8C5H" name="test.PayslipTest" tests="3" failures="0" timestamp="27 Jun 2021 14:40:36 GMT" time="10.064" errors="0">
  <testcase name="f" time="0.011" classname="test.PayslipTest"/>
  <testcase name="verifyLogin" time="1.241" classname="test.PayslipTest"/>
  <testcase name="verifyPayslip" time="8.812" classname="test.PayslipTest"/>
</testsuite> <!-- test.PayslipTest -->
